<?xml version="1.0" encoding="UTF-8"?>
<!-- Generated by org.testng.reporters.JUnitXMLReporter -->
<testsuite ignored="0" hostname="LAPTOP-GKM7GU9C" failures="0" tests="1" name="Home page Test" time="0.04" errors="0" timestamp="2020-10-01T10:27:02 IST">
  <testcase classname="com.selenium.multiplebrowser.MultipleBrowser" name="@BeforeTest browser" time="-1.601528222752E9">
    <failure type="org.testng.TestNGException" message="
Parameter &amp;apos;browser&amp;apos; is required by BeforeTest on method browser but has not been marked @Optional or defined
in C:\Users\ASUS\Downloads\Selenium_Project\Selenium_Project_1\testng.xml">
      <![CDATA[org.testng.TestNGException: 
Parameter 'browser' is required by BeforeTest on method browser but has not been marked @Optional or defined
in C:\Users\ASUS\Downloads\Selenium_Project\Selenium_Project_1\testng.xml
... Removed 21 stack frames]]>
    </failure>
  </testcase> <!-- @BeforeTest browser -->
  <testcase classname="com.selenium.multiplebrowser.MultipleBrowser" name="@AfterTest browserclose" time="-1.601528222785E9">
    <skipped/>
  </testcase> <!-- @AfterTest browserclose -->
  <testcase classname="com.selenium.testcases.HomePage" name="verifyHomePageTitileTest" time="0.0">
    <skipped/>
  </testcase> <!-- verifyHomePageTitileTest -->
</testsuite> <!-- Home page Test -->
